
  .   ____          _            __ _ _
 /\\ / ___'_ __ _ _(_)_ __  __ _ \ \ \ \
( ( )\___ | '_ | '_| | '_ \/ _` | \ \ \ \
 \\/  ___)| |_)| | | | | || (_| |  ) ) ) )
  '  |____| .__|_| |_|_| |_\__, | / / / /
 =========|_|==============|___/=/_/_/_/

 :: Spring Boot ::                (v3.4.6)

2026-07-01T23:33:12.463-05:00  INFO 20476 --- [           main] c.e.auth.ExporTraceAuthApplication       : Starting ExporTraceAuthApplication v1.0.0-SNAPSHOT using Java 26.0.1 with PID 20476 (C:\Users\Lenovo\Documents\ksyan\ksyan\exportrace-ica-backend\auth-service\target\auth-service-1.0.0-SNAPSHOT.jar started by Lenovo in C:\Users\Lenovo\Documents\ksyan\ksyan)
2026-07-01T23:33:12.499-05:00  INFO 20476 --- [           main] c.e.auth.ExporTraceAuthApplication       : No active profile set, falling back to 1 default profile: "default"
2026-07-01T23:33:27.097-05:00  INFO 20476 --- [           main] .s.d.r.c.RepositoryConfigurationDelegate : Bootstrapping Spring Data JPA repositories in DEFAULT mode.
2026-07-01T23:33:27.830-05:00  INFO 20476 --- [           main] .s.d.r.c.RepositoryConfigurationDelegate : Finished Spring Data repository scanning in 678 ms. Found 1 JPA repository interface.
2026-07-01T23:33:37.514-05:00  INFO 20476 --- [           main] o.s.b.w.embedded.tomcat.TomcatWebServer  : Tomcat initialized with port 8090 (http)
2026-07-01T23:33:37.821-05:00  INFO 20476 --- [           main] o.apache.catalina.core.StandardService   : Starting service [Tomcat]
2026-07-01T23:33:37.860-05:00  INFO 20476 --- [           main] o.apache.catalina.core.StandardEngine    : Starting Servlet engine: [Apache Tomcat/10.1.41]
2026-07-01T23:33:38.702-05:00  INFO 20476 --- [           main] o.a.c.c.C.[Tomcat].[localhost].[/]       : Initializing Spring embedded WebApplicationContext
2026-07-01T23:33:38.703-05:00  INFO 20476 --- [           main] w.s.c.ServletWebServerApplicationContext : Root WebApplicationContext: initialization completed in 25165 ms
2026-07-01T23:33:42.381-05:00  INFO 20476 --- [           main] o.hibernate.jpa.internal.util.LogHelper  : HHH000204: Processing PersistenceUnitInfo [name: default]
2026-07-01T23:34:36.815-05:00  INFO 20476 --- [           main] org.hibernate.Version                    : HHH000412: Hibernate ORM core version 6.6.15.Final
2026-07-01T23:34:37.069-05:00  INFO 20476 --- [           main] o.h.c.internal.RegionFactoryInitiator    : HHH000026: Second-level cache disabled
2026-07-01T23:34:41.574-05:00  INFO 20476 --- [           main] o.s.o.j.p.SpringPersistenceUnitInfo      : No LoadTimeWeaver setup: ignoring JPA class transformer
2026-07-01T23:34:41.815-05:00  INFO 20476 --- [           main] com.zaxxer.hikari.HikariDataSource       : HikariPool-1 - Starting...
2026-07-01T23:34:44.531-05:00  INFO 20476 --- [           main] com.zaxxer.hikari.pool.HikariPool        : HikariPool-1 - Added connection com.mysql.cj.jdbc.ConnectionImpl@598657cd
2026-07-01T23:34:44.534-05:00  INFO 20476 --- [           main] com.zaxxer.hikari.HikariDataSource       : HikariPool-1 - Start completed.
2026-07-01T23:34:44.775-05:00  WARN 20476 --- [           main] org.hibernate.orm.deprecation            : HHH90000025: MySQLDialect does not need to be specified explicitly using 'hibernate.dialect' (remove the property setting and it will be selected by default)
2026-07-01T23:34:44.866-05:00  INFO 20476 --- [           main] org.hibernate.orm.connections.pooling    : HHH10001005: Database info:
	Database JDBC URL [Connecting through datasource 'HikariDataSource (HikariPool-1)']
	Database driver: undefined/unknown
	Database version: 8.0.46
	Autocommit mode: undefined/unknown
	Isolation level: undefined/unknown
	Minimum pool size: undefined/unknown
	Maximum pool size: undefined/unknown
2026-07-01T23:34:46.723-05:00  INFO 20476 --- [           main] o.h.e.t.j.p.i.JtaPlatformInitiator       : HHH000489: No JTA platform available (set 'hibernate.transaction.jta.platform' to enable JTA platform integration)
2026-07-01T23:34:46.841-05:00  INFO 20476 --- [           main] j.LocalContainerEntityManagerFactoryBean : Initialized JPA EntityManagerFactory for persistence unit 'default'
2026-07-01T23:34:47.752-05:00  WARN 20476 --- [           main] JpaBaseConfiguration$JpaWebConfiguration : spring.jpa.open-in-view is enabled by default. Therefore, database queries may be performed during view rendering. Explicitly configure spring.jpa.open-in-view to disable this warning
2026-07-01T23:34:47.938-05:00  WARN 20476 --- [           main] .s.s.UserDetailsServiceAutoConfiguration : 

Using generated security password: dbf702ef-fb89-40c1-991a-b3092fb6e337

This generated password is for development use only. Your security configuration must be updated before running your application in production.

2026-07-01T23:34:47.959-05:00  INFO 20476 --- [           main] r$InitializeUserDetailsManagerConfigurer : Global AuthenticationManager configured with UserDetailsService bean with name inMemoryUserDetailsManager
2026-07-01T23:34:50.344-05:00  INFO 20476 --- [           main] o.s.b.w.embedded.tomcat.TomcatWebServer  : Tomcat started on port 8090 (http) with context path '/'
2026-07-01T23:34:50.441-05:00  INFO 20476 --- [           main] c.e.auth.ExporTraceAuthApplication       : Started ExporTraceAuthApplication in 101.484 seconds (process running for 102.962)
DataInitializer: Sincronizando usuarios por defecto...
Hibernate: select u1_0.id,u1_0.password,u1_0.rol,u1_0.username from usuario u1_0 where u1_0.username=?
Hibernate: select u1_0.id,u1_0.password,u1_0.rol,u1_0.username from usuario u1_0 where u1_0.id=?
Hibernate: update usuario set password=?,rol=?,username=? where id=?
DataInitializer: Usuario 'admin' actualizado con credenciales por defecto.
Hibernate: select u1_0.id,u1_0.password,u1_0.rol,u1_0.username from usuario u1_0 where u1_0.username=?
Hibernate: select u1_0.id,u1_0.password,u1_0.rol,u1_0.username from usuario u1_0 where u1_0.id=?
Hibernate: update usuario set password=?,rol=?,username=? where id=?
DataInitializer: Usuario 'calidad' actualizado con credenciales por defecto.
Hibernate: select u1_0.id,u1_0.password,u1_0.rol,u1_0.username from usuario u1_0 where u1_0.username=?
Hibernate: select u1_0.id,u1_0.password,u1_0.rol,u1_0.username from usuario u1_0 where u1_0.id=?
Hibernate: update usuario set password=?,rol=?,username=? where id=?
DataInitializer: Usuario 'logistica' actualizado con credenciales por defecto.
Hibernate: select u1_0.id,u1_0.password,u1_0.rol,u1_0.username from usuario u1_0 where u1_0.username=?
Hibernate: select u1_0.id,u1_0.password,u1_0.rol,u1_0.username from usuario u1_0 where u1_0.id=?
Hibernate: update usuario set password=?,rol=?,username=? where id=?
DataInitializer: Usuario 'root' actualizado con credenciales por defecto.
Hibernate: select count(*) from usuario u1_0
DataInitializer: Sincronizacion de usuarios completada. Total usuarios en DB = 4
2026-07-01T23:43:55.808-05:00  INFO 20476 --- [nio-8090-exec-1] o.a.c.c.C.[Tomcat].[localhost].[/]       : Initializing Spring DispatcherServlet 'dispatcherServlet'
2026-07-01T23:43:55.809-05:00  INFO 20476 --- [nio-8090-exec-1] o.s.web.servlet.DispatcherServlet        : Initializing Servlet 'dispatcherServlet'
2026-07-01T23:43:55.810-05:00  INFO 20476 --- [nio-8090-exec-1] o.s.web.servlet.DispatcherServlet        : Completed initialization in 1 ms
2026-07-01T23:43:56.134-05:00  WARN 20476 --- [nio-8090-exec-1] .w.s.m.s.DefaultHandlerExceptionResolver : Resolved [org.springframework.http.converter.HttpMessageNotReadableException: JSON parse error: Unexpected character ('\' (code 92)): was expecting double-quote to start field name]
2026-07-01T23:44:05.304-05:00  WARN 20476 --- [nio-8090-exec-2] .w.s.m.s.DefaultHandlerExceptionResolver : Resolved [org.springframework.http.converter.HttpMessageNotReadableException: JSON parse error: Unexpected character ('\' (code 92)): was expecting double-quote to start field name]
Hibernate: select u1_0.id,u1_0.password,u1_0.rol,u1_0.username from usuario u1_0 where u1_0.username=?
Hibernate: select u1_0.id,u1_0.password,u1_0.rol,u1_0.username from usuario u1_0 where u1_0.username=?
Hibernate: select u1_0.id,u1_0.password,u1_0.rol,u1_0.username from usuario u1_0 where u1_0.username=?
2026-07-02T00:22:51.061-05:00  WARN 20476 --- [l-1 housekeeper] com.zaxxer.hikari.pool.HikariPool        : HikariPool-1 - Thread starvation or clock leap detected (housekeeper delta=9m5s823ms434µs400ns).
