
  .   ____          _            __ _ _
 /\\ / ___'_ __ _ _(_)_ __  __ _ \ \ \ \
( ( )\___ | '_ | '_| | '_ \/ _` | \ \ \ \
 \\/  ___)| |_)| | | | | || (_| |  ) ) ) )
  '  |____| .__|_| |_|_| |_\__, | / / / /
 =========|_|==============|___/=/_/_/_/

 :: Spring Boot ::                (v3.4.6)

2026-07-18T00:43:06.016-05:00  INFO 19564 --- [           main] c.e.c.CertificacionServiceApplication    : Starting CertificacionServiceApplication v1.0.0-SNAPSHOT using Java 17.0.12 with PID 19564 (C:\Users\Anderson\Documents\SOA\backend-soa\exportrace-ica-backend\certificacion-service\target\certificacion-service-1.0.0-SNAPSHOT.jar started by Anderson in C:\Users\Anderson\Documents\SOA\backend-soa)
2026-07-18T00:43:06.051-05:00  INFO 19564 --- [           main] c.e.c.CertificacionServiceApplication    : No active profile set, falling back to 1 default profile: "default"
2026-07-18T00:43:08.933-05:00  INFO 19564 --- [           main] .s.d.r.c.RepositoryConfigurationDelegate : Bootstrapping Spring Data JPA repositories in DEFAULT mode.
2026-07-18T00:43:09.123-05:00  INFO 19564 --- [           main] .s.d.r.c.RepositoryConfigurationDelegate : Finished Spring Data repository scanning in 146 ms. Found 3 JPA repository interfaces.
2026-07-18T00:43:11.374-05:00  INFO 19564 --- [           main] o.s.b.w.embedded.tomcat.TomcatWebServer  : Tomcat initialized with port 8083 (http)
2026-07-18T00:43:11.410-05:00  INFO 19564 --- [           main] o.apache.catalina.core.StandardService   : Starting service [Tomcat]
2026-07-18T00:43:11.410-05:00  INFO 19564 --- [           main] o.apache.catalina.core.StandardEngine    : Starting Servlet engine: [Apache Tomcat/10.1.41]
2026-07-18T00:43:11.488-05:00  INFO 19564 --- [           main] o.a.c.c.C.[Tomcat].[localhost].[/]       : Initializing Spring embedded WebApplicationContext
2026-07-18T00:43:11.488-05:00  INFO 19564 --- [           main] w.s.c.ServletWebServerApplicationContext : Root WebApplicationContext: initialization completed in 5172 ms
2026-07-18T00:43:12.384-05:00  INFO 19564 --- [           main] o.hibernate.jpa.internal.util.LogHelper  : HHH000204: Processing PersistenceUnitInfo [name: default]
2026-07-18T00:43:12.584-05:00  INFO 19564 --- [           main] org.hibernate.Version                    : HHH000412: Hibernate ORM core version 6.6.15.Final
2026-07-18T00:43:12.668-05:00  INFO 19564 --- [           main] o.h.c.internal.RegionFactoryInitiator    : HHH000026: Second-level cache disabled
2026-07-18T00:43:13.874-05:00  INFO 19564 --- [           main] o.s.o.j.p.SpringPersistenceUnitInfo      : No LoadTimeWeaver setup: ignoring JPA class transformer
2026-07-18T00:43:14.005-05:00  INFO 19564 --- [           main] com.zaxxer.hikari.HikariDataSource       : HikariPool-1 - Starting...
2026-07-18T00:43:14.587-05:00  INFO 19564 --- [           main] com.zaxxer.hikari.pool.HikariPool        : HikariPool-1 - Added connection com.mysql.cj.jdbc.ConnectionImpl@66715ca9
2026-07-18T00:43:14.589-05:00  INFO 19564 --- [           main] com.zaxxer.hikari.HikariDataSource       : HikariPool-1 - Start completed.
2026-07-18T00:43:14.674-05:00  WARN 19564 --- [           main] org.hibernate.orm.deprecation            : HHH90000025: MySQLDialect does not need to be specified explicitly using 'hibernate.dialect' (remove the property setting and it will be selected by default)
2026-07-18T00:43:14.708-05:00  INFO 19564 --- [           main] org.hibernate.orm.connections.pooling    : HHH10001005: Database info:
	Database JDBC URL [Connecting through datasource 'HikariDataSource (HikariPool-1)']
	Database driver: undefined/unknown
	Database version: 8.0.46
	Autocommit mode: undefined/unknown
	Isolation level: undefined/unknown
	Minimum pool size: undefined/unknown
	Maximum pool size: undefined/unknown
2026-07-18T00:43:16.296-05:00  INFO 19564 --- [           main] o.h.e.t.j.p.i.JtaPlatformInitiator       : HHH000489: No JTA platform available (set 'hibernate.transaction.jta.platform' to enable JTA platform integration)
2026-07-18T00:43:16.368-05:00  INFO 19564 --- [           main] j.LocalContainerEntityManagerFactoryBean : Initialized JPA EntityManagerFactory for persistence unit 'default'
2026-07-18T00:43:18.153-05:00  INFO 19564 --- [           main] r$InitializeUserDetailsManagerConfigurer : Global AuthenticationManager configured with UserDetailsService bean with name inMemoryUserDetailsManager
2026-07-18T00:43:20.666-05:00  INFO 19564 --- [           main] o.s.b.w.embedded.tomcat.TomcatWebServer  : Tomcat started on port 8083 (http) with context path '/'
2026-07-18T00:43:20.701-05:00  INFO 19564 --- [           main] c.e.c.CertificacionServiceApplication    : Started CertificacionServiceApplication in 16.72 seconds (process running for 18.012)
Hibernate: select count(*) from tramite_sanipes ts1_0
2026-07-18T00:43:34.027-05:00  INFO 19564 --- [nio-8083-exec-4] o.a.c.c.C.[Tomcat].[localhost].[/]       : Initializing Spring DispatcherServlet 'dispatcherServlet'
2026-07-18T00:43:34.027-05:00  INFO 19564 --- [nio-8083-exec-4] o.s.web.servlet.DispatcherServlet        : Initializing Servlet 'dispatcherServlet'
2026-07-18T00:43:34.027-05:00  INFO 19564 --- [nio-8083-exec-4] o.s.web.servlet.DispatcherServlet        : Completed initialization in 0 ms
