
  .   ____          _            __ _ _
 /\\ / ___'_ __ _ _(_)_ __  __ _ \ \ \ \
( ( )\___ | '_ | '_| | '_ \/ _` | \ \ \ \
 \\/  ___)| |_)| | | | | || (_| |  ) ) ) )
  '  |____| .__|_| |_|_| |_\__, | / / / /
 =========|_|==============|___/=/_/_/_/

 :: Spring Boot ::                (v3.4.6)

2026-06-28T17:23:19.538-05:00  INFO 14332 --- [           main] c.e.lotes.LotePescaServiceApplication    : Starting LotePescaServiceApplication v1.0.0-SNAPSHOT using Java 26.0.1 with PID 14332 (C:\Users\Lenovo\Documents\ksyan\ksyan\exportrace-ica-backend\lote-pesca-service\target\lote-pesca-service-1.0.0-SNAPSHOT.jar started by Lenovo in C:\Users\Lenovo\Documents\ksyan\ksyan)
2026-06-28T17:23:19.541-05:00  INFO 14332 --- [           main] c.e.lotes.LotePescaServiceApplication    : No active profile set, falling back to 1 default profile: "default"
2026-06-28T17:23:21.632-05:00  INFO 14332 --- [           main] .s.d.r.c.RepositoryConfigurationDelegate : Bootstrapping Spring Data JPA repositories in DEFAULT mode.
2026-06-28T17:23:22.213-05:00  INFO 14332 --- [           main] .s.d.r.c.RepositoryConfigurationDelegate : Finished Spring Data repository scanning in 414 ms. Found 2 JPA repository interfaces.
2026-06-28T17:23:28.679-05:00  INFO 14332 --- [           main] o.s.b.w.embedded.tomcat.TomcatWebServer  : Tomcat initialized with port 8081 (http)
2026-06-28T17:23:28.835-05:00  INFO 14332 --- [           main] o.apache.catalina.core.StandardService   : Starting service [Tomcat]
2026-06-28T17:23:28.841-05:00  INFO 14332 --- [           main] o.apache.catalina.core.StandardEngine    : Starting Servlet engine: [Apache Tomcat/10.1.41]
2026-06-28T17:23:29.427-05:00  INFO 14332 --- [           main] o.a.c.c.C.[Tomcat].[localhost].[/]       : Initializing Spring embedded WebApplicationContext
2026-06-28T17:23:29.429-05:00  INFO 14332 --- [           main] w.s.c.ServletWebServerApplicationContext : Root WebApplicationContext: initialization completed in 9815 ms
2026-06-28T17:23:31.488-05:00  INFO 14332 --- [           main] o.hibernate.jpa.internal.util.LogHelper  : HHH000204: Processing PersistenceUnitInfo [name: default]
2026-06-28T17:23:33.440-05:00  INFO 14332 --- [           main] org.hibernate.Version                    : HHH000412: Hibernate ORM core version 6.6.15.Final
2026-06-28T17:23:33.587-05:00  INFO 14332 --- [           main] o.h.c.internal.RegionFactoryInitiator    : HHH000026: Second-level cache disabled
2026-06-28T17:23:34.815-05:00  INFO 14332 --- [           main] o.s.o.j.p.SpringPersistenceUnitInfo      : No LoadTimeWeaver setup: ignoring JPA class transformer
2026-06-28T17:23:35.043-05:00  INFO 14332 --- [           main] com.zaxxer.hikari.HikariDataSource       : HikariPool-1 - Starting...
2026-06-28T17:23:35.918-05:00  INFO 14332 --- [           main] com.zaxxer.hikari.pool.HikariPool        : HikariPool-1 - Added connection com.mysql.cj.jdbc.ConnectionImpl@5563bb40
2026-06-28T17:23:35.921-05:00  INFO 14332 --- [           main] com.zaxxer.hikari.HikariDataSource       : HikariPool-1 - Start completed.
2026-06-28T17:23:36.283-05:00  WARN 14332 --- [           main] org.hibernate.orm.deprecation            : HHH90000025: MySQLDialect does not need to be specified explicitly using 'hibernate.dialect' (remove the property setting and it will be selected by default)
2026-06-28T17:23:36.494-05:00  INFO 14332 --- [           main] org.hibernate.orm.connections.pooling    : HHH10001005: Database info:
	Database JDBC URL [Connecting through datasource 'HikariDataSource (HikariPool-1)']
	Database driver: undefined/unknown
	Database version: 8.0.46
	Autocommit mode: undefined/unknown
	Isolation level: undefined/unknown
	Minimum pool size: undefined/unknown
	Maximum pool size: undefined/unknown
2026-06-28T17:23:39.442-05:00  INFO 14332 --- [           main] o.h.e.t.j.p.i.JtaPlatformInitiator       : HHH000489: No JTA platform available (set 'hibernate.transaction.jta.platform' to enable JTA platform integration)
2026-06-28T17:23:39.801-05:00  INFO 14332 --- [           main] j.LocalContainerEntityManagerFactoryBean : Initialized JPA EntityManagerFactory for persistence unit 'default'
2026-06-28T17:23:41.490-05:00  WARN 14332 --- [           main] JpaBaseConfiguration$JpaWebConfiguration : spring.jpa.open-in-view is enabled by default. Therefore, database queries may be performed during view rendering. Explicitly configure spring.jpa.open-in-view to disable this warning
2026-06-28T17:23:41.523-05:00  WARN 14332 --- [           main] .s.s.UserDetailsServiceAutoConfiguration : 

Using generated security password: badbfab0-f709-48fa-9d8c-359c7fdd82fd

This generated password is for development use only. Your security configuration must be updated before running your application in production.

2026-06-28T17:23:41.732-05:00  INFO 14332 --- [           main] r$InitializeUserDetailsManagerConfigurer : Global AuthenticationManager configured with UserDetailsService bean with name inMemoryUserDetailsManager
2026-06-28T17:23:45.154-05:00  INFO 14332 --- [           main] o.s.b.w.embedded.tomcat.TomcatWebServer  : Tomcat started on port 8081 (http) with context path '/'
2026-06-28T17:23:45.190-05:00  INFO 14332 --- [           main] c.e.lotes.LotePescaServiceApplication    : Started LotePescaServiceApplication in 26.477 seconds (process running for 27.25)
2026-06-28T17:23:45.705-05:00  INFO 14332 --- [nio-8081-exec-8] o.a.c.c.C.[Tomcat].[localhost].[/]       : Initializing Spring DispatcherServlet 'dispatcherServlet'
2026-06-28T17:23:45.705-05:00  INFO 14332 --- [nio-8081-exec-8] o.s.web.servlet.DispatcherServlet        : Initializing Servlet 'dispatcherServlet'
2026-06-28T17:23:45.707-05:00  INFO 14332 --- [nio-8081-exec-8] o.s.web.servlet.DispatcherServlet        : Completed initialization in 0 ms
Hibernate: select count(*) from especie e1_0
Hibernate: select count(*) from lote_chd lp1_0
Hibernate: select lp1_0.id,lp1_0.codigo_lote,lp1_0.especie,lp1_0.estado_cadena_frio,lp1_0.estado_sanipes,lp1_0.fecha_recepcion,lp1_0.nombre_embarcacion,lp1_0.peso_kg from lote_chd lp1_0
Hibernate: select lp1_0.id,lp1_0.codigo_lote,lp1_0.especie,lp1_0.estado_cadena_frio,lp1_0.estado_sanipes,lp1_0.fecha_recepcion,lp1_0.nombre_embarcacion,lp1_0.peso_kg from lote_chd lp1_0
Hibernate: select lp1_0.id,lp1_0.codigo_lote,lp1_0.especie,lp1_0.estado_cadena_frio,lp1_0.estado_sanipes,lp1_0.fecha_recepcion,lp1_0.nombre_embarcacion,lp1_0.peso_kg from lote_chd lp1_0
Hibernate: select e1_0.id,e1_0.codigo_sanipes,e1_0.en_veda,e1_0.nombre_cientifico,e1_0.nombre_comun,e1_0.temp_max_celsius,e1_0.temp_min_celsius from especie e1_0
Hibernate: select lp1_0.id,lp1_0.codigo_lote,lp1_0.especie,lp1_0.estado_cadena_frio,lp1_0.estado_sanipes,lp1_0.fecha_recepcion,lp1_0.nombre_embarcacion,lp1_0.peso_kg from lote_chd lp1_0
Hibernate: select e1_0.id,e1_0.codigo_sanipes,e1_0.en_veda,e1_0.nombre_cientifico,e1_0.nombre_comun,e1_0.temp_max_celsius,e1_0.temp_min_celsius from especie e1_0
Hibernate: select lp1_0.id,lp1_0.codigo_lote,lp1_0.especie,lp1_0.estado_cadena_frio,lp1_0.estado_sanipes,lp1_0.fecha_recepcion,lp1_0.nombre_embarcacion,lp1_0.peso_kg from lote_chd lp1_0
Hibernate: select lp1_0.id,lp1_0.codigo_lote,lp1_0.especie,lp1_0.estado_cadena_frio,lp1_0.estado_sanipes,lp1_0.fecha_recepcion,lp1_0.nombre_embarcacion,lp1_0.peso_kg from lote_chd lp1_0 where lp1_0.id=?
Hibernate: select lp1_0.id,lp1_0.codigo_lote,lp1_0.especie,lp1_0.estado_cadena_frio,lp1_0.estado_sanipes,lp1_0.fecha_recepcion,lp1_0.nombre_embarcacion,lp1_0.peso_kg from lote_chd lp1_0
Hibernate: select lp1_0.id,lp1_0.codigo_lote,lp1_0.especie,lp1_0.estado_cadena_frio,lp1_0.estado_sanipes,lp1_0.fecha_recepcion,lp1_0.nombre_embarcacion,lp1_0.peso_kg from lote_chd lp1_0
Hibernate: select lp1_0.id,lp1_0.codigo_lote,lp1_0.especie,lp1_0.estado_cadena_frio,lp1_0.estado_sanipes,lp1_0.fecha_recepcion,lp1_0.nombre_embarcacion,lp1_0.peso_kg from lote_chd lp1_0
Hibernate: select lp1_0.id,lp1_0.codigo_lote,lp1_0.especie,lp1_0.estado_cadena_frio,lp1_0.estado_sanipes,lp1_0.fecha_recepcion,lp1_0.nombre_embarcacion,lp1_0.peso_kg from lote_chd lp1_0
Hibernate: select lp1_0.id,lp1_0.codigo_lote,lp1_0.especie,lp1_0.estado_cadena_frio,lp1_0.estado_sanipes,lp1_0.fecha_recepcion,lp1_0.nombre_embarcacion,lp1_0.peso_kg from lote_chd lp1_0
Hibernate: select lp1_0.id,lp1_0.codigo_lote,lp1_0.especie,lp1_0.estado_cadena_frio,lp1_0.estado_sanipes,lp1_0.fecha_recepcion,lp1_0.nombre_embarcacion,lp1_0.peso_kg from lote_chd lp1_0
Hibernate: select lp1_0.id,lp1_0.codigo_lote,lp1_0.especie,lp1_0.estado_cadena_frio,lp1_0.estado_sanipes,lp1_0.fecha_recepcion,lp1_0.nombre_embarcacion,lp1_0.peso_kg from lote_chd lp1_0
Hibernate: select lp1_0.id,lp1_0.codigo_lote,lp1_0.especie,lp1_0.estado_cadena_frio,lp1_0.estado_sanipes,lp1_0.fecha_recepcion,lp1_0.nombre_embarcacion,lp1_0.peso_kg from lote_chd lp1_0
