
  .   ____          _            __ _ _
 /\\ / ___'_ __ _ _(_)_ __  __ _ \ \ \ \
( ( )\___ | '_ | '_| | '_ \/ _` | \ \ \ \
 \\/  ___)| |_)| | | | | || (_| |  ) ) ) )
  '  |____| .__|_| |_|_| |_\__, | / / / /
 =========|_|==============|___/=/_/_/_/

 :: Spring Boot ::                (v3.4.6)

2026-07-02T12:17:36.704-05:00  INFO 7392 --- [           main] c.e.c.MonitoreoColdServiceApplication    : Starting MonitoreoColdServiceApplication v1.0.0-SNAPSHOT using Java 26.0.1 with PID 7392 (C:\Users\Lenovo\Documents\ksyan\ksyan\exportrace-ica-backend\monitoreo-cold-service\target\monitoreo-cold-service-1.0.0-SNAPSHOT.jar started by Lenovo in C:\Users\Lenovo\Documents\ksyan\ksyan)
2026-07-02T12:17:36.713-05:00  INFO 7392 --- [           main] c.e.c.MonitoreoColdServiceApplication    : No active profile set, falling back to 1 default profile: "default"
2026-07-02T12:17:39.436-05:00  INFO 7392 --- [           main] .s.d.r.c.RepositoryConfigurationDelegate : Bootstrapping Spring Data JPA repositories in DEFAULT mode.
2026-07-02T12:17:39.733-05:00  INFO 7392 --- [           main] .s.d.r.c.RepositoryConfigurationDelegate : Finished Spring Data repository scanning in 265 ms. Found 2 JPA repository interfaces.
2026-07-02T12:17:43.344-05:00  INFO 7392 --- [           main] o.s.b.w.embedded.tomcat.TomcatWebServer  : Tomcat initialized with port 8082 (http)
2026-07-02T12:17:43.416-05:00  INFO 7392 --- [           main] o.apache.catalina.core.StandardService   : Starting service [Tomcat]
2026-07-02T12:17:43.416-05:00  INFO 7392 --- [           main] o.apache.catalina.core.StandardEngine    : Starting Servlet engine: [Apache Tomcat/10.1.41]
2026-07-02T12:17:43.577-05:00  INFO 7392 --- [           main] o.a.c.c.C.[Tomcat].[localhost].[/]       : Initializing Spring embedded WebApplicationContext
2026-07-02T12:17:43.579-05:00  INFO 7392 --- [           main] w.s.c.ServletWebServerApplicationContext : Root WebApplicationContext: initialization completed in 6664 ms
2026-07-02T12:17:44.268-05:00  INFO 7392 --- [           main] o.hibernate.jpa.internal.util.LogHelper  : HHH000204: Processing PersistenceUnitInfo [name: default]
2026-07-02T12:17:44.898-05:00  INFO 7392 --- [           main] org.hibernate.Version                    : HHH000412: Hibernate ORM core version 6.6.15.Final
2026-07-02T12:17:45.188-05:00  INFO 7392 --- [           main] o.h.c.internal.RegionFactoryInitiator    : HHH000026: Second-level cache disabled
2026-07-02T12:17:46.731-05:00  INFO 7392 --- [           main] o.s.o.j.p.SpringPersistenceUnitInfo      : No LoadTimeWeaver setup: ignoring JPA class transformer
2026-07-02T12:17:46.815-05:00  INFO 7392 --- [           main] com.zaxxer.hikari.HikariDataSource       : HikariPool-1 - Starting...
2026-07-02T12:17:47.933-05:00  INFO 7392 --- [           main] com.zaxxer.hikari.pool.HikariPool        : HikariPool-1 - Added connection com.mysql.cj.jdbc.ConnectionImpl@56835f2f
2026-07-02T12:17:47.939-05:00  INFO 7392 --- [           main] com.zaxxer.hikari.HikariDataSource       : HikariPool-1 - Start completed.
2026-07-02T12:17:48.082-05:00  WARN 7392 --- [           main] org.hibernate.orm.deprecation            : HHH90000025: MySQLDialect does not need to be specified explicitly using 'hibernate.dialect' (remove the property setting and it will be selected by default)
2026-07-02T12:17:48.140-05:00  INFO 7392 --- [           main] org.hibernate.orm.connections.pooling    : HHH10001005: Database info:
	Database JDBC URL [Connecting through datasource 'HikariDataSource (HikariPool-1)']
	Database driver: undefined/unknown
	Database version: 8.0.46
	Autocommit mode: undefined/unknown
	Isolation level: undefined/unknown
	Minimum pool size: undefined/unknown
	Maximum pool size: undefined/unknown
2026-07-02T12:17:50.509-05:00  INFO 7392 --- [           main] o.h.e.t.j.p.i.JtaPlatformInitiator       : HHH000489: No JTA platform available (set 'hibernate.transaction.jta.platform' to enable JTA platform integration)
2026-07-02T12:17:50.637-05:00  INFO 7392 --- [           main] j.LocalContainerEntityManagerFactoryBean : Initialized JPA EntityManagerFactory for persistence unit 'default'
2026-07-02T12:17:52.665-05:00  INFO 7392 --- [           main] r$InitializeUserDetailsManagerConfigurer : Global AuthenticationManager configured with UserDetailsService bean with name inMemoryUserDetailsManager
2026-07-02T12:17:56.049-05:00  INFO 7392 --- [           main] o.s.b.w.embedded.tomcat.TomcatWebServer  : Tomcat started on port 8082 (http) with context path '/'
2026-07-02T12:17:56.261-05:00  INFO 7392 --- [           main] c.e.c.MonitoreoColdServiceApplication    : Started MonitoreoColdServiceApplication in 21.006 seconds (process running for 23.022)
2026-07-02T12:20:14.620-05:00  INFO 7392 --- [nio-8082-exec-2] o.a.c.c.C.[Tomcat].[localhost].[/]       : Initializing Spring DispatcherServlet 'dispatcherServlet'
2026-07-02T12:20:14.621-05:00  INFO 7392 --- [nio-8082-exec-2] o.s.web.servlet.DispatcherServlet        : Initializing Servlet 'dispatcherServlet'
2026-07-02T12:20:14.622-05:00  INFO 7392 --- [nio-8082-exec-2] o.s.web.servlet.DispatcherServlet        : Completed initialization in 0 ms
